2018-09-07 10:24:19,912 [INFO] [main] com.zhy.ApiApplication [StartupInfoLogger.java : 50] Starting ApiApplication on xtp-nn with PID 16524 (D:\ylxny\ylxny-zhy\ylzhy-api\target\classes started by xtp in D:\ylxny\ylxny-zhy\ylzhy-api)
2018-09-07 10:24:19,942 [INFO] [main] com.zhy.ApiApplication [SpringApplication.java : 663] The following profiles are active: dev
2018-09-07 10:24:20,130 [INFO] [main] o.s.b.w.s.c.AnnotationConfigServletWebServerApplicationContext [AbstractApplicationContext.java : 590] Refreshing org.springframework.boot.web.servlet.context.AnnotationConfigServletWebServerApplicationContext@1f97cf0d: startup date [Fri Sep 07 10:24:20 CST 2018]; root of context hierarchy
2018-09-07 10:24:23,717 [INFO] [main] o.s.data.repository.config.RepositoryConfigurationDelegate [RepositoryConfigurationDelegate.java : 163] Multiple Spring Data modules found, entering strict repository configuration mode!
2018-09-07 10:24:25,169 [INFO] [main] o.s.c.s.PostProcessorRegistrationDelegate$BeanPostProcessorChecker [PostProcessorRegistrationDelegate.java : 328] Bean 'org.springframework.transaction.annotation.ProxyTransactionManagementConfiguration' of type [org.springframework.transaction.annotation.ProxyTransactionManagementConfiguration$$EnhancerBySpringCGLIB$$a8f94092] is not eligible for getting processed by all BeanPostProcessors (for example: not eligible for auto-proxying)
2018-09-07 10:24:26,481 [INFO] [main] org.springframework.boot.web.embedded.tomcat.TomcatWebServer [TomcatWebServer.java : 91] Tomcat initialized with port(s): 8081 (http)
2018-09-07 10:24:26,552 [INFO] [main] org.apache.catalina.core.StandardService [DirectJDKLog.java : 180] Starting service [Tomcat]
2018-09-07 10:24:26,552 [INFO] [main] org.apache.catalina.core.StandardEngine [DirectJDKLog.java : 180] Starting Servlet Engine: Apache Tomcat/8.5.31
2018-09-07 10:24:26,569 [INFO] [localhost-startStop-1] org.apache.catalina.core.AprLifecycleListener [DirectJDKLog.java : 180] The APR based Apache Tomcat Native library which allows optimal performance in production environments was not found on the java.library.path: [C:\Program Files\Java\jdk8\bin;C:\WINDOWS\Sun\Java\bin;C:\WINDOWS\system32;C:\WINDOWS;C:/Program Files/Java/jre1.8.0_171/bin/server;C:/Program Files/Java/jre1.8.0_171/bin;C:/Program Files/Java/jre1.8.0_171/lib/amd64;C:\Program Files (x86)\Common Files\Oracle\Java\javapath;C:\Program Files (x86)\Intel\iCLS Client\;C:\Program Files\Intel\iCLS Client\;C:\Windows\system32;C:\Windows;C:\Windows\System32\Wbem;C:\Windows\System32\WindowsPowerShell\v1.0\;C:\Program Files (x86)\Intel\Intel(R) Management Engine Components\DAL;C:\Program Files\Intel\Intel(R) Management Engine Components\DAL;C:\Program Files (x86)\Intel\Intel(R) Management Engine Components\IPT;C:\Program Files\Intel\Intel(R) Management Engine Components\IPT;C:\Program Files\TortoiseSVN\bin;C:\WINDOWS\system32;C:\WINDOWS;C:\WINDOWS\System32\Wbem;C:\WINDOWS\System32\WindowsPowerShell\v1.0\;C:\WINDOWS\System32\OpenSSH\;C:\Program Files\Intel\WiFi\bin\;C:\Program Files\Common Files\Intel\WirelessCommon\;C:\Users\DELL\AppData\Local\Microsoft\WindowsApps;D:\apache-maven-3.5.2\bin;D:\mysql-5.7.23-winx64\bin;;D:\eclipse-mars2-64;;.]
2018-09-07 10:24:26,742 [INFO] [localhost-startStop-1] o.a.c.core.ContainerBase.[Tomcat].[localhost].[/ylzhy-api] [DirectJDKLog.java : 180] Initializing Spring embedded WebApplicationContext
2018-09-07 10:24:26,743 [INFO] [localhost-startStop-1] org.springframework.web.context.ContextLoader [ServletWebServerApplicationContext.java : 285] Root WebApplicationContext: initialization completed in 6612 ms
2018-09-07 10:24:27,056 [INFO] [localhost-startStop-1] org.springframework.boot.web.servlet.FilterRegistrationBean [AbstractFilterRegistrationBean.java : 245] Mapping filter: 'characterEncodingFilter' to: [/*]
2018-09-07 10:24:27,057 [INFO] [localhost-startStop-1] org.springframework.boot.web.servlet.FilterRegistrationBean [AbstractFilterRegistrationBean.java : 245] Mapping filter: 'hiddenHttpMethodFilter' to: [/*]
2018-09-07 10:24:27,058 [INFO] [localhost-startStop-1] org.springframework.boot.web.servlet.FilterRegistrationBean [AbstractFilterRegistrationBean.java : 245] Mapping filter: 'httpPutFormContentFilter' to: [/*]
2018-09-07 10:24:27,058 [INFO] [localhost-startStop-1] org.springframework.boot.web.servlet.FilterRegistrationBean [AbstractFilterRegistrationBean.java : 245] Mapping filter: 'requestContextFilter' to: [/*]
2018-09-07 10:24:27,058 [INFO] [localhost-startStop-1] org.springframework.boot.web.servlet.FilterRegistrationBean [AbstractFilterRegistrationBean.java : 258] Mapping filter: 'xssFilter' to urls: [/*]
2018-09-07 10:24:27,059 [INFO] [localhost-startStop-1] org.springframework.boot.web.servlet.FilterRegistrationBean [AbstractFilterRegistrationBean.java : 258] Mapping filter: 'webStatFilter' to urls: [/*]
2018-09-07 10:24:27,059 [INFO] [localhost-startStop-1] org.springframework.boot.web.servlet.ServletRegistrationBean [ServletRegistrationBean.java : 186] Servlet dispatcherServlet mapped to [/]
2018-09-07 10:24:27,061 [INFO] [localhost-startStop-1] org.springframework.boot.web.servlet.ServletRegistrationBean [ServletRegistrationBean.java : 186] Servlet statViewServlet mapped to [/druid/*]
2018-09-07 10:24:27,405 [INFO] [main] c.a.d.spring.boot.autoconfigure.DruidDataSourceAutoConfigure [DruidDataSourceAutoConfigure.java : 56] Init DruidDataSource
2018-09-07 10:24:28,821 [INFO] [main] com.alibaba.druid.pool.DruidDataSource [DruidDataSource.java : 930] {dataSource-1} inited
2018-09-07 10:24:30,905 [INFO] [main] o.s.w.s.mvc.method.annotation.RequestMappingHandlerMapping [AbstractHandlerMethodMapping.java : 547] Mapped "{[/api/login],methods=[POST]}" onto public com.zhy.common.utils.R com.zhy.controller.ApiLoginController.login(com.zhy.form.LoginForm)
2018-09-07 10:24:30,907 [INFO] [main] o.s.w.s.mvc.method.annotation.RequestMappingHandlerMapping [AbstractHandlerMethodMapping.java : 547] Mapped "{[/api/logout],methods=[POST]}" onto public com.zhy.common.utils.R com.zhy.controller.ApiLoginController.logout(long)
2018-09-07 10:24:30,910 [INFO] [main] o.s.w.s.mvc.method.annotation.RequestMappingHandlerMapping [AbstractHandlerMethodMapping.java : 547] Mapped "{[/api/register],methods=[POST]}" onto public com.zhy.common.utils.R com.zhy.controller.ApiRegisterController.register(com.zhy.form.RegisterForm)
2018-09-07 10:24:30,915 [INFO] [main] o.s.w.s.mvc.method.annotation.RequestMappingHandlerMapping [AbstractHandlerMethodMapping.java : 547] Mapped "{[/api/userId],methods=[GET]}" onto public com.zhy.common.utils.R com.zhy.controller.ApiTestController.userInfo(java.lang.Integer)
2018-09-07 10:24:30,916 [INFO] [main] o.s.w.s.mvc.method.annotation.RequestMappingHandlerMapping [AbstractHandlerMethodMapping.java : 547] Mapped "{[/api/userInfo],methods=[GET]}" onto public com.zhy.common.utils.R com.zhy.controller.ApiTestController.userInfo(com.zhy.modules.qxgl.entity.UserEntity)
2018-09-07 10:24:30,917 [INFO] [main] o.s.w.s.mvc.method.annotation.RequestMappingHandlerMapping [AbstractHandlerMethodMapping.java : 547] Mapped "{[/api/listUser],methods=[GET]}" onto public com.zhy.common.utils.R com.zhy.controller.ApiTestController.UserList(java.lang.String)
2018-09-07 10:24:30,918 [INFO] [main] o.s.w.s.mvc.method.annotation.RequestMappingHandlerMapping [AbstractHandlerMethodMapping.java : 547] Mapped "{[/api/notToken],methods=[GET]}" onto public com.zhy.common.utils.R com.zhy.controller.ApiTestController.notToken()
2018-09-07 10:24:30,925 [INFO] [main] o.s.w.s.mvc.method.annotation.RequestMappingHandlerMapping [AbstractHandlerMethodMapping.java : 547] Mapped "{[/swagger-resources/configuration/security]}" onto public org.springframework.http.ResponseEntity<springfox.documentation.swagger.web.SecurityConfiguration> springfox.documentation.swagger.web.ApiResourceController.securityConfiguration()
2018-09-07 10:24:30,926 [INFO] [main] o.s.w.s.mvc.method.annotation.RequestMappingHandlerMapping [AbstractHandlerMethodMapping.java : 547] Mapped "{[/swagger-resources/configuration/ui]}" onto public org.springframework.http.ResponseEntity<springfox.documentation.swagger.web.UiConfiguration> springfox.documentation.swagger.web.ApiResourceController.uiConfiguration()
2018-09-07 10:24:30,928 [INFO] [main] o.s.w.s.mvc.method.annotation.RequestMappingHandlerMapping [AbstractHandlerMethodMapping.java : 547] Mapped "{[/swagger-resources]}" onto public org.springframework.http.ResponseEntity<java.util.List<springfox.documentation.swagger.web.SwaggerResource>> springfox.documentation.swagger.web.ApiResourceController.swaggerResources()
2018-09-07 10:24:30,932 [INFO] [main] o.s.w.s.mvc.method.annotation.RequestMappingHandlerMapping [AbstractHandlerMethodMapping.java : 547] Mapped "{[/error]}" onto public org.springframework.http.ResponseEntity<java.util.Map<java.lang.String, java.lang.Object>> org.springframework.boot.autoconfigure.web.servlet.error.BasicErrorController.error(javax.servlet.http.HttpServletRequest)
2018-09-07 10:24:30,933 [INFO] [main] o.s.w.s.mvc.method.annotation.RequestMappingHandlerMapping [AbstractHandlerMethodMapping.java : 547] Mapped "{[/error],produces=[text/html]}" onto public org.springframework.web.servlet.ModelAndView org.springframework.boot.autoconfigure.web.servlet.error.BasicErrorController.errorHtml(javax.servlet.http.HttpServletRequest,javax.servlet.http.HttpServletResponse)
2018-09-07 10:24:31,152 [INFO] [main] s.d.spring.web.PropertySourcedRequestMappingHandlerMapping [PropertySourcedRequestMappingHandlerMapping.java : 69] Mapped URL path [/v2/api-docs] onto method [public org.springframework.http.ResponseEntity<springfox.documentation.spring.web.json.Json> springfox.documentation.swagger2.web.Swagger2Controller.getDocumentation(java.lang.String,javax.servlet.http.HttpServletRequest)]
2018-09-07 10:24:31,394 [INFO] [main] o.s.web.servlet.handler.SimpleUrlHandlerMapping [AbstractUrlHandlerMapping.java : 373] Mapped URL path [/**/favicon.ico] onto handler of type [class org.springframework.web.servlet.resource.ResourceHttpRequestHandler]
2018-09-07 10:24:31,711 [INFO] [main] o.s.w.s.mvc.method.annotation.RequestMappingHandlerAdapter [RequestMappingHandlerAdapter.java : 574] Looking for @ControllerAdvice: org.springframework.boot.web.servlet.context.AnnotationConfigServletWebServerApplicationContext@1f97cf0d: startup date [Fri Sep 07 10:24:20 CST 2018]; root of context hierarchy
2018-09-07 10:24:31,813 [INFO] [main] o.s.web.servlet.handler.SimpleUrlHandlerMapping [AbstractUrlHandlerMapping.java : 373] Mapped URL path [/webjars/**] onto handler of type [class org.springframework.web.servlet.resource.ResourceHttpRequestHandler]
2018-09-07 10:24:31,814 [INFO] [main] o.s.web.servlet.handler.SimpleUrlHandlerMapping [AbstractUrlHandlerMapping.java : 373] Mapped URL path [/**] onto handler of type [class org.springframework.web.servlet.resource.ResourceHttpRequestHandler]
2018-09-07 10:24:31,837 [INFO] [main] o.s.w.s.m.m.annotation.ExceptionHandlerExceptionResolver [ExceptionHandlerExceptionResolver.java : 288] Detected @ExceptionHandler methods in RRExceptionHandler
2018-09-07 10:24:32,643 [INFO] [main] org.springframework.ui.freemarker.SpringTemplateLoader [SpringTemplateLoader.java : 62] SpringTemplateLoader for FreeMarker: using resource loader [org.springframework.boot.web.servlet.context.AnnotationConfigServletWebServerApplicationContext@1f97cf0d: startup date [Fri Sep 07 10:24:20 CST 2018]; root of context hierarchy] and template loader path [classpath:/templates/]
2018-09-07 10:24:32,645 [INFO] [main] o.s.web.servlet.view.freemarker.FreeMarkerConfigurer [FreeMarkerConfigurer.java : 131] ClassTemplateLoader for Spring macros added to FreeMarker configuration
2018-09-07 10:24:32,906 [INFO] [main] o.s.jmx.export.annotation.AnnotationMBeanExporter [MBeanExporter.java : 433] Registering beans for JMX exposure on startup
2018-09-07 10:24:32,908 [INFO] [main] o.s.jmx.export.annotation.AnnotationMBeanExporter [MBeanExporter.java : 895] Bean with name 'statFilter' has been autodetected for JMX exposure
2018-09-07 10:24:32,909 [INFO] [main] o.s.jmx.export.annotation.AnnotationMBeanExporter [MBeanExporter.java : 895] Bean with name 'dataSource' has been autodetected for JMX exposure
2018-09-07 10:24:32,917 [INFO] [main] o.s.jmx.export.annotation.AnnotationMBeanExporter [MBeanExporter.java : 668] Located MBean 'dataSource': registering with JMX server as MBean [com.alibaba.druid.spring.boot.autoconfigure:name=dataSource,type=DruidDataSourceWrapper]
2018-09-07 10:24:32,919 [INFO] [main] o.s.jmx.export.annotation.AnnotationMBeanExporter [MBeanExporter.java : 668] Located MBean 'statFilter': registering with JMX server as MBean [com.alibaba.druid.filter.stat:name=statFilter,type=StatFilter]
2018-09-07 10:24:32,928 [INFO] [main] o.springframework.context.support.DefaultLifecycleProcessor [DefaultLifecycleProcessor.java : 351] Starting beans in phase 2147483647
2018-09-07 10:24:32,929 [INFO] [main] s.d.spring.web.plugins.DocumentationPluginsBootstrapper [DocumentationPluginsBootstrapper.java : 147] Context refreshed
2018-09-07 10:24:32,965 [INFO] [main] s.d.spring.web.plugins.DocumentationPluginsBootstrapper [DocumentationPluginsBootstrapper.java : 150] Found 1 custom documentation plugin(s)
2018-09-07 10:24:33,037 [INFO] [main] s.d.spring.web.scanners.ApiListingReferenceScanner [ApiListingReferenceScanner.java : 41] Scanning for api listing references
2018-09-07 10:24:33,297 [INFO] [main] s.d.s.web.readers.operation.CachingOperationNameGenerator [CachingOperationNameGenerator.java : 40] Generating unique operation named: userInfoUsingGET_1
2018-09-07 10:24:33,474 [INFO] [main] org.springframework.boot.web.embedded.tomcat.TomcatWebServer [TomcatWebServer.java : 206] Tomcat started on port(s): 8081 (http) with context path '/ylzhy-api'
2018-09-07 10:24:33,482 [INFO] [main] com.zhy.ApiApplication [StartupInfoLogger.java : 59] Started ApiApplication in 14.695 seconds (JVM running for 15.928)
2018-09-07 10:26:43,134 [INFO] [http-nio-8081-exec-30] o.a.c.core.ContainerBase.[Tomcat].[localhost].[/ylzhy-api] [DirectJDKLog.java : 180] Initializing Spring FrameworkServlet 'dispatcherServlet'
2018-09-07 10:26:43,135 [INFO] [http-nio-8081-exec-30] org.springframework.web.servlet.DispatcherServlet [FrameworkServlet.java : 494] FrameworkServlet 'dispatcherServlet': initialization started
2018-09-07 10:26:43,161 [INFO] [http-nio-8081-exec-30] org.springframework.web.servlet.DispatcherServlet [FrameworkServlet.java : 509] FrameworkServlet 'dispatcherServlet': initialization completed in 26 ms
2018-09-07 10:29:29,832 [INFO] [main] com.zhy.ApiApplication [StartupInfoLogger.java : 50] Starting ApiApplication on xtp-nn with PID 6752 (D:\ylxny\ylxny-zhy\ylzhy-api\target\classes started by xtp in D:\ylxny\ylxny-zhy\ylzhy-api)
2018-09-07 10:29:29,836 [INFO] [main] com.zhy.ApiApplication [SpringApplication.java : 663] The following profiles are active: dev
2018-09-07 10:29:29,908 [INFO] [main] o.s.b.w.s.c.AnnotationConfigServletWebServerApplicationContext [AbstractApplicationContext.java : 590] Refreshing org.springframework.boot.web.servlet.context.AnnotationConfigServletWebServerApplicationContext@19d481b: startup date [Fri Sep 07 10:29:29 CST 2018]; root of context hierarchy
2018-09-07 10:29:31,654 [INFO] [main] o.s.data.repository.config.RepositoryConfigurationDelegate [RepositoryConfigurationDelegate.java : 163] Multiple Spring Data modules found, entering strict repository configuration mode!
2018-09-07 10:29:32,680 [INFO] [main] o.s.c.s.PostProcessorRegistrationDelegate$BeanPostProcessorChecker [PostProcessorRegistrationDelegate.java : 328] Bean 'org.springframework.transaction.annotation.ProxyTransactionManagementConfiguration' of type [org.springframework.transaction.annotation.ProxyTransactionManagementConfiguration$$EnhancerBySpringCGLIB$$3b57d8c0] is not eligible for getting processed by all BeanPostProcessors (for example: not eligible for auto-proxying)
2018-09-07 10:29:33,910 [INFO] [main] org.springframework.boot.web.embedded.tomcat.TomcatWebServer [TomcatWebServer.java : 91] Tomcat initialized with port(s): 8081 (http)
2018-09-07 10:29:33,950 [INFO] [main] org.apache.catalina.core.StandardService [DirectJDKLog.java : 180] Starting service [Tomcat]
2018-09-07 10:29:33,950 [INFO] [main] org.apache.catalina.core.StandardEngine [DirectJDKLog.java : 180] Starting Servlet Engine: Apache Tomcat/8.5.31
2018-09-07 10:29:33,960 [INFO] [localhost-startStop-1] org.apache.catalina.core.AprLifecycleListener [DirectJDKLog.java : 180] The APR based Apache Tomcat Native library which allows optimal performance in production environments was not found on the java.library.path: [C:\Program Files\Java\jdk8\bin;C:\WINDOWS\Sun\Java\bin;C:\WINDOWS\system32;C:\WINDOWS;C:/Program Files/Java/jre1.8.0_171/bin/server;C:/Program Files/Java/jre1.8.0_171/bin;C:/Program Files/Java/jre1.8.0_171/lib/amd64;C:\Program Files (x86)\Common Files\Oracle\Java\javapath;C:\Program Files (x86)\Intel\iCLS Client\;C:\Program Files\Intel\iCLS Client\;C:\Windows\system32;C:\Windows;C:\Windows\System32\Wbem;C:\Windows\System32\WindowsPowerShell\v1.0\;C:\Program Files (x86)\Intel\Intel(R) Management Engine Components\DAL;C:\Program Files\Intel\Intel(R) Management Engine Components\DAL;C:\Program Files (x86)\Intel\Intel(R) Management Engine Components\IPT;C:\Program Files\Intel\Intel(R) Management Engine Components\IPT;C:\Program Files\TortoiseSVN\bin;C:\WINDOWS\system32;C:\WINDOWS;C:\WINDOWS\System32\Wbem;C:\WINDOWS\System32\WindowsPowerShell\v1.0\;C:\WINDOWS\System32\OpenSSH\;C:\Program Files\Intel\WiFi\bin\;C:\Program Files\Common Files\Intel\WirelessCommon\;C:\Users\DELL\AppData\Local\Microsoft\WindowsApps;D:\apache-maven-3.5.2\bin;D:\mysql-5.7.23-winx64\bin;;D:\eclipse-mars2-64;;.]
2018-09-07 10:29:34,149 [INFO] [localhost-startStop-1] o.a.c.core.ContainerBase.[Tomcat].[localhost].[/ylzhy-api] [DirectJDKLog.java : 180] Initializing Spring embedded WebApplicationContext
2018-09-07 10:29:34,150 [INFO] [localhost-startStop-1] org.springframework.web.context.ContextLoader [ServletWebServerApplicationContext.java : 285] Root WebApplicationContext: initialization completed in 4242 ms
2018-09-07 10:29:34,462 [INFO] [localhost-startStop-1] org.springframework.boot.web.servlet.FilterRegistrationBean [AbstractFilterRegistrationBean.java : 245] Mapping filter: 'characterEncodingFilter' to: [/*]
2018-09-07 10:29:34,463 [INFO] [localhost-startStop-1] org.springframework.boot.web.servlet.FilterRegistrationBean [AbstractFilterRegistrationBean.java : 245] Mapping filter: 'hiddenHttpMethodFilter' to: [/*]
2018-09-07 10:29:34,464 [INFO] [localhost-startStop-1] org.springframework.boot.web.servlet.FilterRegistrationBean [AbstractFilterRegistrationBean.java : 245] Mapping filter: 'httpPutFormContentFilter' to: [/*]
2018-09-07 10:29:34,464 [INFO] [localhost-startStop-1] org.springframework.boot.web.servlet.FilterRegistrationBean [AbstractFilterRegistrationBean.java : 245] Mapping filter: 'requestContextFilter' to: [/*]
2018-09-07 10:29:34,465 [INFO] [localhost-startStop-1] org.springframework.boot.web.servlet.FilterRegistrationBean [AbstractFilterRegistrationBean.java : 258] Mapping filter: 'xssFilter' to urls: [/*]
2018-09-07 10:29:34,465 [INFO] [localhost-startStop-1] org.springframework.boot.web.servlet.FilterRegistrationBean [AbstractFilterRegistrationBean.java : 258] Mapping filter: 'webStatFilter' to urls: [/*]
2018-09-07 10:29:34,466 [INFO] [localhost-startStop-1] org.springframework.boot.web.servlet.ServletRegistrationBean [ServletRegistrationBean.java : 186] Servlet dispatcherServlet mapped to [/]
2018-09-07 10:29:34,467 [INFO] [localhost-startStop-1] org.springframework.boot.web.servlet.ServletRegistrationBean [ServletRegistrationBean.java : 186] Servlet statViewServlet mapped to [/druid/*]
2018-09-07 10:29:34,738 [INFO] [main] c.a.d.spring.boot.autoconfigure.DruidDataSourceAutoConfigure [DruidDataSourceAutoConfigure.java : 56] Init DruidDataSource
2018-09-07 10:29:35,515 [INFO] [main] com.alibaba.druid.pool.DruidDataSource [DruidDataSource.java : 930] {dataSource-1} inited
2018-09-07 10:29:37,027 [INFO] [main] o.s.w.s.mvc.method.annotation.RequestMappingHandlerMapping [AbstractHandlerMethodMapping.java : 547] Mapped "{[/api/login],methods=[POST]}" onto public com.zhy.common.utils.R com.zhy.controller.ApiLoginController.login(com.zhy.form.LoginForm)
2018-09-07 10:29:37,029 [INFO] [main] o.s.w.s.mvc.method.annotation.RequestMappingHandlerMapping [AbstractHandlerMethodMapping.java : 547] Mapped "{[/api/logout],methods=[POST]}" onto public com.zhy.common.utils.R com.zhy.controller.ApiLoginController.logout(long)
2018-09-07 10:29:37,031 [INFO] [main] o.s.w.s.mvc.method.annotation.RequestMappingHandlerMapping [AbstractHandlerMethodMapping.java : 547] Mapped "{[/api/register],methods=[POST]}" onto public com.zhy.common.utils.R com.zhy.controller.ApiRegisterController.register(com.zhy.form.RegisterForm)
2018-09-07 10:29:37,035 [INFO] [main] o.s.w.s.mvc.method.annotation.RequestMappingHandlerMapping [AbstractHandlerMethodMapping.java : 547] Mapped "{[/api/userId],methods=[GET]}" onto public com.zhy.common.utils.R com.zhy.controller.ApiTestController.userInfo(java.lang.Integer)
2018-09-07 10:29:37,036 [INFO] [main] o.s.w.s.mvc.method.annotation.RequestMappingHandlerMapping [AbstractHandlerMethodMapping.java : 547] Mapped "{[/api/userInfo],methods=[GET]}" onto public com.zhy.common.utils.R com.zhy.controller.ApiTestController.userInfo(com.zhy.modules.qxgl.entity.UserEntity)
2018-09-07 10:29:37,037 [INFO] [main] o.s.w.s.mvc.method.annotation.RequestMappingHandlerMapping [AbstractHandlerMethodMapping.java : 547] Mapped "{[/api/listUser],methods=[GET]}" onto public com.zhy.common.utils.R com.zhy.controller.ApiTestController.UserList(java.lang.String)
2018-09-07 10:29:37,038 [INFO] [main] o.s.w.s.mvc.method.annotation.RequestMappingHandlerMapping [AbstractHandlerMethodMapping.java : 547] Mapped "{[/api/notToken],methods=[GET]}" onto public com.zhy.common.utils.R com.zhy.controller.ApiTestController.notToken()
2018-09-07 10:29:37,044 [INFO] [main] o.s.w.s.mvc.method.annotation.RequestMappingHandlerMapping [AbstractHandlerMethodMapping.java : 547] Mapped "{[/swagger-resources/configuration/security]}" onto public org.springframework.http.ResponseEntity<springfox.documentation.swagger.web.SecurityConfiguration> springfox.documentation.swagger.web.ApiResourceController.securityConfiguration()
2018-09-07 10:29:37,045 [INFO] [main] o.s.w.s.mvc.method.annotation.RequestMappingHandlerMapping [AbstractHandlerMethodMapping.java : 547] Mapped "{[/swagger-resources/configuration/ui]}" onto public org.springframework.http.ResponseEntity<springfox.documentation.swagger.web.UiConfiguration> springfox.documentation.swagger.web.ApiResourceController.uiConfiguration()
2018-09-07 10:29:37,047 [INFO] [main] o.s.w.s.mvc.method.annotation.RequestMappingHandlerMapping [AbstractHandlerMethodMapping.java : 547] Mapped "{[/swagger-resources]}" onto public org.springframework.http.ResponseEntity<java.util.List<springfox.documentation.swagger.web.SwaggerResource>> springfox.documentation.swagger.web.ApiResourceController.swaggerResources()
2018-09-07 10:29:37,051 [INFO] [main] o.s.w.s.mvc.method.annotation.RequestMappingHandlerMapping [AbstractHandlerMethodMapping.java : 547] Mapped "{[/error]}" onto public org.springframework.http.ResponseEntity<java.util.Map<java.lang.String, java.lang.Object>> org.springframework.boot.autoconfigure.web.servlet.error.BasicErrorController.error(javax.servlet.http.HttpServletRequest)
2018-09-07 10:29:37,052 [INFO] [main] o.s.w.s.mvc.method.annotation.RequestMappingHandlerMapping [AbstractHandlerMethodMapping.java : 547] Mapped "{[/error],produces=[text/html]}" onto public org.springframework.web.servlet.ModelAndView org.springframework.boot.autoconfigure.web.servlet.error.BasicErrorController.errorHtml(javax.servlet.http.HttpServletRequest,javax.servlet.http.HttpServletResponse)
2018-09-07 10:29:37,279 [INFO] [main] s.d.spring.web.PropertySourcedRequestMappingHandlerMapping [PropertySourcedRequestMappingHandlerMapping.java : 69] Mapped URL path [/v2/api-docs] onto method [public org.springframework.http.ResponseEntity<springfox.documentation.spring.web.json.Json> springfox.documentation.swagger2.web.Swagger2Controller.getDocumentation(java.lang.String,javax.servlet.http.HttpServletRequest)]
2018-09-07 10:29:37,497 [INFO] [main] o.s.web.servlet.handler.SimpleUrlHandlerMapping [AbstractUrlHandlerMapping.java : 373] Mapped URL path [/**/favicon.ico] onto handler of type [class org.springframework.web.servlet.resource.ResourceHttpRequestHandler]
2018-09-07 10:29:37,793 [INFO] [main] o.s.w.s.mvc.method.annotation.RequestMappingHandlerAdapter [RequestMappingHandlerAdapter.java : 574] Looking for @ControllerAdvice: org.springframework.boot.web.servlet.context.AnnotationConfigServletWebServerApplicationContext@19d481b: startup date [Fri Sep 07 10:29:29 CST 2018]; root of context hierarchy
2018-09-07 10:29:37,873 [INFO] [main] o.s.web.servlet.handler.SimpleUrlHandlerMapping [AbstractUrlHandlerMapping.java : 373] Mapped URL path [/webjars/**] onto handler of type [class org.springframework.web.servlet.resource.ResourceHttpRequestHandler]
2018-09-07 10:29:37,873 [INFO] [main] o.s.web.servlet.handler.SimpleUrlHandlerMapping [AbstractUrlHandlerMapping.java : 373] Mapped URL path [/**] onto handler of type [class org.springframework.web.servlet.resource.ResourceHttpRequestHandler]
2018-09-07 10:29:37,894 [INFO] [main] o.s.w.s.m.m.annotation.ExceptionHandlerExceptionResolver [ExceptionHandlerExceptionResolver.java : 288] Detected @ExceptionHandler methods in RRExceptionHandler
2018-09-07 10:29:38,646 [INFO] [main] org.springframework.ui.freemarker.SpringTemplateLoader [SpringTemplateLoader.java : 62] SpringTemplateLoader for FreeMarker: using resource loader [org.springframework.boot.web.servlet.context.AnnotationConfigServletWebServerApplicationContext@19d481b: startup date [Fri Sep 07 10:29:29 CST 2018]; root of context hierarchy] and template loader path [classpath:/templates/]
2018-09-07 10:29:38,648 [INFO] [main] o.s.web.servlet.view.freemarker.FreeMarkerConfigurer [FreeMarkerConfigurer.java : 131] ClassTemplateLoader for Spring macros added to FreeMarker configuration
2018-09-07 10:29:38,870 [INFO] [main] o.s.jmx.export.annotation.AnnotationMBeanExporter [MBeanExporter.java : 433] Registering beans for JMX exposure on startup
2018-09-07 10:29:38,872 [INFO] [main] o.s.jmx.export.annotation.AnnotationMBeanExporter [MBeanExporter.java : 895] Bean with name 'statFilter' has been autodetected for JMX exposure
2018-09-07 10:29:38,873 [INFO] [main] o.s.jmx.export.annotation.AnnotationMBeanExporter [MBeanExporter.java : 895] Bean with name 'dataSource' has been autodetected for JMX exposure
2018-09-07 10:29:38,880 [INFO] [main] o.s.jmx.export.annotation.AnnotationMBeanExporter [MBeanExporter.java : 668] Located MBean 'dataSource': registering with JMX server as MBean [com.alibaba.druid.spring.boot.autoconfigure:name=dataSource,type=DruidDataSourceWrapper]
2018-09-07 10:29:38,881 [INFO] [main] o.s.jmx.export.annotation.AnnotationMBeanExporter [MBeanExporter.java : 668] Located MBean 'statFilter': registering with JMX server as MBean [com.alibaba.druid.filter.stat:name=statFilter,type=StatFilter]
2018-09-07 10:29:38,890 [INFO] [main] o.springframework.context.support.DefaultLifecycleProcessor [DefaultLifecycleProcessor.java : 351] Starting beans in phase 2147483647
2018-09-07 10:29:38,890 [INFO] [main] s.d.spring.web.plugins.DocumentationPluginsBootstrapper [DocumentationPluginsBootstrapper.java : 147] Context refreshed
2018-09-07 10:29:38,916 [INFO] [main] s.d.spring.web.plugins.DocumentationPluginsBootstrapper [DocumentationPluginsBootstrapper.java : 150] Found 1 custom documentation plugin(s)
2018-09-07 10:29:38,973 [INFO] [main] s.d.spring.web.scanners.ApiListingReferenceScanner [ApiListingReferenceScanner.java : 41] Scanning for api listing references
2018-09-07 10:29:39,203 [INFO] [main] s.d.s.web.readers.operation.CachingOperationNameGenerator [CachingOperationNameGenerator.java : 40] Generating unique operation named: userInfoUsingGET_1
2018-09-07 10:29:39,265 [INFO] [main] org.springframework.boot.web.embedded.tomcat.TomcatWebServer [TomcatWebServer.java : 206] Tomcat started on port(s): 8081 (http) with context path '/ylzhy-api'
2018-09-07 10:29:39,270 [INFO] [main] com.zhy.ApiApplication [StartupInfoLogger.java : 59] Started ApiApplication in 10.082 seconds (JVM running for 10.717)
2018-09-07 10:30:20,274 [INFO] [http-nio-8081-exec-1] o.a.c.core.ContainerBase.[Tomcat].[localhost].[/ylzhy-api] [DirectJDKLog.java : 180] Initializing Spring FrameworkServlet 'dispatcherServlet'
2018-09-07 10:30:20,275 [INFO] [http-nio-8081-exec-1] org.springframework.web.servlet.DispatcherServlet [FrameworkServlet.java : 494] FrameworkServlet 'dispatcherServlet': initialization started
2018-09-07 10:30:20,304 [INFO] [http-nio-8081-exec-1] org.springframework.web.servlet.DispatcherServlet [FrameworkServlet.java : 509] FrameworkServlet 'dispatcherServlet': initialization completed in 29 ms
