2018-09-17 11:39:30,765 [INFO] [restartedMain] com.zhy.ApiApplication [Jdk14Logger.java : 99] Starting ApiApplication on PC-20180808SIZY with PID 5948 (F:\workspace\zhy\ylzhy-api\target\classes started by Administrator in F:\workspace\zhy)
2018-09-17 11:39:30,775 [INFO] [restartedMain] com.zhy.ApiApplication [Jdk14Logger.java : 99] The following profiles are active: dev
2018-09-17 11:39:30,855 [INFO] [restartedMain] o.s.b.w.s.c.AnnotationConfigServletWebServerApplicationContext [Jdk14Logger.java : 99] Refreshing org.springframework.boot.web.servlet.context.AnnotationConfigServletWebServerApplicationContext@70d559c: startup date [Mon Sep 17 11:39:30 CST 2018]; root of context hierarchy
2018-09-17 11:39:32,175 [INFO] [restartedMain] o.s.data.repository.config.RepositoryConfigurationDelegate [RepositoryConfigurationDelegate.java : 163] Multiple Spring Data modules found, entering strict repository configuration mode!
2018-09-17 11:39:32,735 [INFO] [restartedMain] o.s.c.s.PostProcessorRegistrationDelegate$BeanPostProcessorChecker [Jdk14Logger.java : 99] Bean 'org.springframework.transaction.annotation.ProxyTransactionManagementConfiguration' of type [org.springframework.transaction.annotation.ProxyTransactionManagementConfiguration$$EnhancerBySpringCGLIB$$3f40187c] is not eligible for getting processed by all BeanPostProcessors (for example: not eligible for auto-proxying)
2018-09-17 11:39:33,215 [INFO] [restartedMain] org.springframework.boot.web.embedded.tomcat.TomcatWebServer [Jdk14Logger.java : 99] Tomcat initialized with port(s): 8081 (http)
2018-09-17 11:39:33,235 [INFO] [restartedMain] org.apache.catalina.core.StandardService [DirectJDKLog.java : 180] Starting service [Tomcat]
2018-09-17 11:39:33,235 [INFO] [restartedMain] org.apache.catalina.core.StandardEngine [DirectJDKLog.java : 180] Starting Servlet Engine: Apache Tomcat/8.5.31
2018-09-17 11:39:33,245 [INFO] [localhost-startStop-1] org.apache.catalina.core.AprLifecycleListener [DirectJDKLog.java : 180] The APR based Apache Tomcat Native library which allows optimal performance in production environments was not found on the java.library.path: [E:\java8\bin;C:\Windows\Sun\Java\bin;C:\Windows\system32;C:\Windows;C:\Windows\system32;C:\Windows;C:\Windows\System32\Wbem;C:\Windows\System32\WindowsPowerShell\v1.0\;E:\java8\bin;E:\java8\jre\bin;E:\software\mysql-5.7.16-winx64\bin;E:\apache-maven-3.5.3\bin;E:\VisualSVN Server\bin;E:\svn\bin;E:\Git\cmd;.]
2018-09-17 11:39:33,385 [INFO] [localhost-startStop-1] o.a.c.core.ContainerBase.[Tomcat].[localhost].[/ylzhy-api] [DirectJDKLog.java : 180] Initializing Spring embedded WebApplicationContext
2018-09-17 11:39:33,385 [INFO] [localhost-startStop-1] org.springframework.web.context.ContextLoader [Jdk14Logger.java : 99] Root WebApplicationContext: initialization completed in 2530 ms
2018-09-17 11:39:33,575 [INFO] [localhost-startStop-1] org.springframework.boot.web.servlet.FilterRegistrationBean [Jdk14Logger.java : 99] Mapping filter: 'characterEncodingFilter' to: [/*]
2018-09-17 11:39:33,575 [INFO] [localhost-startStop-1] org.springframework.boot.web.servlet.FilterRegistrationBean [Jdk14Logger.java : 99] Mapping filter: 'hiddenHttpMethodFilter' to: [/*]
2018-09-17 11:39:33,575 [INFO] [localhost-startStop-1] org.springframework.boot.web.servlet.FilterRegistrationBean [Jdk14Logger.java : 99] Mapping filter: 'httpPutFormContentFilter' to: [/*]
2018-09-17 11:39:33,575 [INFO] [localhost-startStop-1] org.springframework.boot.web.servlet.FilterRegistrationBean [Jdk14Logger.java : 99] Mapping filter: 'requestContextFilter' to: [/*]
2018-09-17 11:39:33,575 [INFO] [localhost-startStop-1] org.springframework.boot.web.servlet.FilterRegistrationBean [Jdk14Logger.java : 99] Mapping filter: 'xssFilter' to urls: [/*]
2018-09-17 11:39:33,575 [INFO] [localhost-startStop-1] org.springframework.boot.web.servlet.FilterRegistrationBean [Jdk14Logger.java : 99] Mapping filter: 'webStatFilter' to urls: [/*]
2018-09-17 11:39:33,575 [INFO] [localhost-startStop-1] org.springframework.boot.web.servlet.ServletRegistrationBean [Jdk14Logger.java : 99] Servlet dispatcherServlet mapped to [/]
2018-09-17 11:39:33,585 [INFO] [localhost-startStop-1] org.springframework.boot.web.servlet.ServletRegistrationBean [Jdk14Logger.java : 99] Servlet statViewServlet mapped to [/druid/*]
2018-09-17 11:39:33,755 [INFO] [restartedMain] c.a.d.spring.boot.autoconfigure.DruidDataSourceAutoConfigure [DruidDataSourceAutoConfigure.java : 56] Init DruidDataSource
2018-09-17 11:39:34,325 [INFO] [restartedMain] com.alibaba.druid.pool.DruidDataSource [DruidDataSource.java : 930] {dataSource-1} inited
2018-09-17 11:39:35,935 [INFO] [restartedMain] o.s.w.s.mvc.method.annotation.RequestMappingHandlerMapping [Jdk14Logger.java : 99] Mapped "{[/api/login],methods=[POST]}" onto public com.zhy.common.utils.R com.zhy.controller.ApiLoginController.login(com.zhy.form.LoginForm)
2018-09-17 11:39:35,945 [INFO] [restartedMain] o.s.w.s.mvc.method.annotation.RequestMappingHandlerMapping [Jdk14Logger.java : 99] Mapped "{[/api/logout],methods=[POST]}" onto public com.zhy.common.utils.R com.zhy.controller.ApiLoginController.logout(long)
2018-09-17 11:39:35,945 [INFO] [restartedMain] o.s.w.s.mvc.method.annotation.RequestMappingHandlerMapping [Jdk14Logger.java : 99] Mapped "{[/api/register],methods=[POST]}" onto public com.zhy.common.utils.R com.zhy.controller.ApiRegisterController.register(com.zhy.form.RegisterForm)
2018-09-17 11:39:35,945 [INFO] [restartedMain] o.s.w.s.mvc.method.annotation.RequestMappingHandlerMapping [Jdk14Logger.java : 99] Mapped "{[/api/userId],methods=[GET]}" onto public com.zhy.common.utils.R com.zhy.controller.ApiTestController.userInfo(java.lang.Integer)
2018-09-17 11:39:35,945 [INFO] [restartedMain] o.s.w.s.mvc.method.annotation.RequestMappingHandlerMapping [Jdk14Logger.java : 99] Mapped "{[/api/userInfo],methods=[GET]}" onto public com.zhy.common.utils.R com.zhy.controller.ApiTestController.userInfo(com.zhy.modules.qxgl.entity.UserEntity)
2018-09-17 11:39:35,945 [INFO] [restartedMain] o.s.w.s.mvc.method.annotation.RequestMappingHandlerMapping [Jdk14Logger.java : 99] Mapped "{[/api/listUser],methods=[GET]}" onto public com.zhy.common.utils.R com.zhy.controller.ApiTestController.UserList(java.lang.String)
2018-09-17 11:39:35,945 [INFO] [restartedMain] o.s.w.s.mvc.method.annotation.RequestMappingHandlerMapping [Jdk14Logger.java : 99] Mapped "{[/api/notToken],methods=[GET]}" onto public com.zhy.common.utils.R com.zhy.controller.ApiTestController.notToken()
2018-09-17 11:39:35,945 [INFO] [restartedMain] o.s.w.s.mvc.method.annotation.RequestMappingHandlerMapping [Jdk14Logger.java : 99] Mapped "{[/api/list/{lxId}],methods=[GET]}" onto public com.zhy.common.utils.R com.zhy.controller.DmDictController.selectByLxid(java.lang.Integer)
2018-09-17 11:39:35,955 [INFO] [restartedMain] o.s.w.s.mvc.method.annotation.RequestMappingHandlerMapping [Jdk14Logger.java : 99] Mapped "{[/api/list/{lxId}/{zdid}],methods=[GET]}" onto public com.zhy.common.utils.R com.zhy.controller.DmDictController.selectByLxid(java.lang.Integer,java.lang.Integer)
2018-09-17 11:39:35,955 [INFO] [restartedMain] o.s.w.s.mvc.method.annotation.RequestMappingHandlerMapping [Jdk14Logger.java : 99] Mapped "{[/swagger-resources/configuration/security]}" onto public org.springframework.http.ResponseEntity<springfox.documentation.swagger.web.SecurityConfiguration> springfox.documentation.swagger.web.ApiResourceController.securityConfiguration()
2018-09-17 11:39:35,955 [INFO] [restartedMain] o.s.w.s.mvc.method.annotation.RequestMappingHandlerMapping [Jdk14Logger.java : 99] Mapped "{[/swagger-resources]}" onto public org.springframework.http.ResponseEntity<java.util.List<springfox.documentation.swagger.web.SwaggerResource>> springfox.documentation.swagger.web.ApiResourceController.swaggerResources()
2018-09-17 11:39:35,955 [INFO] [restartedMain] o.s.w.s.mvc.method.annotation.RequestMappingHandlerMapping [Jdk14Logger.java : 99] Mapped "{[/swagger-resources/configuration/ui]}" onto public org.springframework.http.ResponseEntity<springfox.documentation.swagger.web.UiConfiguration> springfox.documentation.swagger.web.ApiResourceController.uiConfiguration()
2018-09-17 11:39:35,965 [INFO] [restartedMain] o.s.w.s.mvc.method.annotation.RequestMappingHandlerMapping [Jdk14Logger.java : 99] Mapped "{[/error]}" onto public org.springframework.http.ResponseEntity<java.util.Map<java.lang.String, java.lang.Object>> org.springframework.boot.autoconfigure.web.servlet.error.BasicErrorController.error(javax.servlet.http.HttpServletRequest)
2018-09-17 11:39:35,965 [INFO] [restartedMain] o.s.w.s.mvc.method.annotation.RequestMappingHandlerMapping [Jdk14Logger.java : 99] Mapped "{[/error],produces=[text/html]}" onto public org.springframework.web.servlet.ModelAndView org.springframework.boot.autoconfigure.web.servlet.error.BasicErrorController.errorHtml(javax.servlet.http.HttpServletRequest,javax.servlet.http.HttpServletResponse)
2018-09-17 11:39:36,125 [INFO] [restartedMain] s.d.spring.web.PropertySourcedRequestMappingHandlerMapping [Jdk14Logger.java : 99] Mapped URL path [/v2/api-docs] onto method [public org.springframework.http.ResponseEntity<springfox.documentation.spring.web.json.Json> springfox.documentation.swagger2.web.Swagger2Controller.getDocumentation(java.lang.String,javax.servlet.http.HttpServletRequest)]
2018-09-17 11:39:36,455 [INFO] [restartedMain] o.s.web.servlet.handler.SimpleUrlHandlerMapping [Jdk14Logger.java : 99] Mapped URL path [/**/favicon.ico] onto handler of type [class org.springframework.web.servlet.resource.ResourceHttpRequestHandler]
2018-09-17 11:39:36,615 [INFO] [restartedMain] o.s.w.s.mvc.method.annotation.RequestMappingHandlerAdapter [Jdk14Logger.java : 99] Looking for @ControllerAdvice: org.springframework.boot.web.servlet.context.AnnotationConfigServletWebServerApplicationContext@70d559c: startup date [Mon Sep 17 11:39:30 CST 2018]; root of context hierarchy
2018-09-17 11:39:36,675 [INFO] [restartedMain] o.s.web.servlet.handler.SimpleUrlHandlerMapping [Jdk14Logger.java : 99] Mapped URL path [/webjars/**] onto handler of type [class org.springframework.web.servlet.resource.ResourceHttpRequestHandler]
2018-09-17 11:39:36,675 [INFO] [restartedMain] o.s.web.servlet.handler.SimpleUrlHandlerMapping [Jdk14Logger.java : 99] Mapped URL path [/**] onto handler of type [class org.springframework.web.servlet.resource.ResourceHttpRequestHandler]
2018-09-17 11:39:36,685 [INFO] [restartedMain] o.s.w.s.m.m.annotation.ExceptionHandlerExceptionResolver [Jdk14Logger.java : 99] Detected @ExceptionHandler methods in RRExceptionHandler
2018-09-17 11:39:37,025 [INFO] [restartedMain] org.springframework.ui.freemarker.SpringTemplateLoader [Jdk14Logger.java : 99] SpringTemplateLoader for FreeMarker: using resource loader [org.springframework.boot.web.servlet.context.AnnotationConfigServletWebServerApplicationContext@70d559c: startup date [Mon Sep 17 11:39:30 CST 2018]; root of context hierarchy] and template loader path [classpath:/templates/]
2018-09-17 11:39:37,025 [INFO] [restartedMain] o.s.web.servlet.view.freemarker.FreeMarkerConfigurer [Jdk14Logger.java : 99] ClassTemplateLoader for Spring macros added to FreeMarker configuration
2018-09-17 11:39:37,255 [WARN] [restartedMain] o.s.boot.devtools.autoconfigure.OptionalLiveReloadServer [Jdk14Logger.java : 99] Unable to start LiveReload server
2018-09-17 11:39:37,285 [INFO] [restartedMain] o.s.jmx.export.annotation.AnnotationMBeanExporter [Jdk14Logger.java : 99] Registering beans for JMX exposure on startup
2018-09-17 11:39:37,285 [INFO] [restartedMain] o.s.jmx.export.annotation.AnnotationMBeanExporter [Jdk14Logger.java : 99] Bean with name 'statFilter' has been autodetected for JMX exposure
2018-09-17 11:39:37,285 [INFO] [restartedMain] o.s.jmx.export.annotation.AnnotationMBeanExporter [Jdk14Logger.java : 99] Bean with name 'dataSource' has been autodetected for JMX exposure
2018-09-17 11:39:37,295 [INFO] [restartedMain] o.s.jmx.export.annotation.AnnotationMBeanExporter [Jdk14Logger.java : 99] Located MBean 'dataSource': registering with JMX server as MBean [com.alibaba.druid.spring.boot.autoconfigure:name=dataSource,type=DruidDataSourceWrapper]
2018-09-17 11:39:37,295 [INFO] [restartedMain] o.s.jmx.export.annotation.AnnotationMBeanExporter [Jdk14Logger.java : 99] Located MBean 'statFilter': registering with JMX server as MBean [com.alibaba.druid.filter.stat:name=statFilter,type=StatFilter]
2018-09-17 11:39:37,305 [INFO] [restartedMain] o.springframework.context.support.DefaultLifecycleProcessor [Jdk14Logger.java : 99] Starting beans in phase 2147483647
2018-09-17 11:39:37,305 [INFO] [restartedMain] s.d.spring.web.plugins.DocumentationPluginsBootstrapper [DocumentationPluginsBootstrapper.java : 147] Context refreshed
2018-09-17 11:39:37,315 [INFO] [restartedMain] s.d.spring.web.plugins.DocumentationPluginsBootstrapper [DocumentationPluginsBootstrapper.java : 150] Found 1 custom documentation plugin(s)
2018-09-17 11:39:37,355 [INFO] [restartedMain] s.d.spring.web.scanners.ApiListingReferenceScanner [ApiListingReferenceScanner.java : 41] Scanning for api listing references
2018-09-17 11:39:37,525 [INFO] [restartedMain] s.d.s.web.readers.operation.CachingOperationNameGenerator [CachingOperationNameGenerator.java : 40] Generating unique operation named: userInfoUsingGET_1
2018-09-17 11:39:37,535 [INFO] [restartedMain] s.d.s.web.readers.operation.CachingOperationNameGenerator [CachingOperationNameGenerator.java : 40] Generating unique operation named: selectByLxidUsingGET_1
2018-09-17 11:39:37,585 [INFO] [restartedMain] org.springframework.boot.web.embedded.tomcat.TomcatWebServer [Jdk14Logger.java : 99] Tomcat started on port(s): 8081 (http) with context path '/ylzhy-api'
2018-09-17 11:39:37,585 [INFO] [restartedMain] com.zhy.ApiApplication [Jdk14Logger.java : 99] Started ApiApplication in 7.811 seconds (JVM running for 8.651)
